-------------------------------------------------------------------------------
Test set: ru.spring.app.engine.service.TagServiceTest
-------------------------------------------------------------------------------
Tests run: 1, Failures: 1, Errors: 0, Skipped: 0, Time elapsed: 0.031 s <<< FAILURE! - in ru.spring.app.engine.service.TagServiceTest
getTags  Time elapsed: 0.016 s  <<< FAILURE!
org.opentest4j.AssertionFailedError: array lengths differ, expected: <1> but was: <5>
	at ru.spring.app.engine.service.TagServiceTest.getTags(TagServiceTest.java:42)

