-------------------------------------------------------------------------------
Test set: ru.spring.app.engine.service.PostServiceTest
-------------------------------------------------------------------------------
Tests run: 14, Failures: 1, Errors: 0, Skipped: 0, Time elapsed: 14.174 s <<< FAILURE! - in ru.spring.app.engine.service.PostServiceTest
getPosts  Time elapsed: 0.196 s  <<< FAILURE!
org.opentest4j.AssertionFailedError: array lengths differ, expected: <5> but was: <8>
	at ru.spring.app.engine.service.PostServiceTest.getPosts(PostServiceTest.java:54)

