<?xml version="1.0" encoding="UTF-8"?>
<testsuite xmlns:xsi="http://www.w3.org/2001/XMLSchema-instance" xsi:noNamespaceSchemaLocation="https://maven.apache.org/surefire/maven-surefire-plugin/xsd/surefire-test-report.xsd" name="ru.spring.app.engine.service.TagServiceTest" time="0.031" tests="1" errors="0" skipped="0" failures="1">
  <properties>
[...]
</properties>
  <testcase name="getTags" classname="ru.spring.app.engine.service.TagServiceTest" time="0.016">
    <failure message="array lengths differ, expected: &lt;1&gt; but was: &lt;5&gt;" type="org.opentest4j.AssertionFailedError"><![CDATA[org.opentest4j.AssertionFailedError: array lengths differ, expected: <1> but was: <5>
	at ru.spring.app.engine.service.TagServiceTest.getTags(TagServiceTest.java:42)
]]></failure>
    <system-out><![CDATA[2021-06-09 09:25:41.069  INFO 9812 --- [           main] .b.t.c.SpringBootTestContextBootstrapper : Neither @ContextConfiguration nor @ContextHierarchy found for test class [ru.spring.app.engine.service.TagServiceTest], using SpringBootContextLoader
2021-06-09 09:25:41.069  INFO 9812 --- [           main] o.s.t.c.support.AbstractContextLoader    : Could not detect default resource locations for test class [ru.spring.app.engine.service.TagServiceTest]: no resource found for suffixes {-context.xml, Context.groovy}.
2021-06-09 09:25:41.069  INFO 9812 --- [           main] t.c.s.AnnotationConfigContextLoaderUtils : Could not detect default configuration classes for test class [ru.spring.app.engine.service.TagServiceTest]: TagServiceTest does not declare any static, non-private, non-final, nested classes annotated with @Configuration.
2021-06-09 09:25:41.069  INFO 9812 --- [           main] .b.t.c.SpringBootTestContextBootstrapper : Found @SpringBootConfiguration ru.spring.app.engine.BlogEngineApp for test class ru.spring.app.engine.service.TagServiceTest
2021-06-09 09:25:41.069  INFO 9812 --- [           main] .b.t.c.SpringBootTestContextBootstrapper : Loaded default TestExecutionListener class names from location [META-INF/spring.factories]: [org.springframework.boot.test.mock.mockito.MockitoTestExecutionListener, org.springframework.boot.test.mock.mockito.ResetMocksTestExecutionListener, org.springframework.boot.test.autoconfigure.restdocs.RestDocsTestExecutionListener, org.springframework.boot.test.autoconfigure.web.client.MockRestServiceServerResetTestExecutionListener, org.springframework.boot.test.autoconfigure.web.servlet.MockMvcPrintOnlyOnFailureTestExecutionListener, org.springframework.boot.test.autoconfigure.web.servlet.WebDriverTestExecutionListener, org.springframework.test.context.web.ServletTestExecutionListener, org.springframework.test.context.support.DirtiesContextBeforeModesTestExecutionListener, org.springframework.test.context.support.DependencyInjectionTestExecutionListener, org.springframework.test.context.support.DirtiesContextTestExecutionListener, org.springframework.test.context.transaction.TransactionalTestExecutionListener, org.springframework.test.context.jdbc.SqlScriptsTestExecutionListener, org.springframework.test.context.event.EventPublishingTestExecutionListener]
2021-06-09 09:25:41.069  INFO 9812 --- [           main] .b.t.c.SpringBootTestContextBootstrapper : Using TestExecutionListeners: [org.springframework.test.context.web.ServletTestExecutionListener@6d0ef6dc, org.springframework.test.context.support.DirtiesContextBeforeModesTestExecutionListener@2936f48a, org.springframework.boot.test.mock.mockito.MockitoTestExecutionListener@f1a5005, org.springframework.boot.test.autoconfigure.SpringBootDependencyInjectionTestExecutionListener@23001753, org.springframework.test.context.support.DirtiesContextTestExecutionListener@39a2adf9, org.springframework.test.context.transaction.TransactionalTestExecutionListener@27ae8ce3, org.springframework.test.context.jdbc.SqlScriptsTestExecutionListener@7a696a6b, org.springframework.test.context.event.EventPublishingTestExecutionListener@597050fa, org.springframework.boot.test.mock.mockito.ResetMocksTestExecutionListener@7511e348, org.springframework.boot.test.autoconfigure.restdocs.RestDocsTestExecutionListener@268bb09d, org.springframework.boot.test.autoconfigure.web.client.MockRestServiceServerResetTestExecutionListener@1780bc15, org.springframework.boot.test.autoconfigure.web.servlet.MockMvcPrintOnlyOnFailureTestExecutionListener@4c2cc99f, org.springframework.boot.test.autoconfigure.web.servlet.WebDriverTestExecutionListener@36dd68f1]
Hibernate: SELECT * FROM tags JOIN tag2post ON tags.id = tag2post.tag_id JOIN posts ON posts.id = tag2post.post_id WHERE is_active = 1 AND moderation_status = 'ACCEPTED' AND time <= current_date ORDER BY (SELECT DISTINCT COUNT (*))
Hibernate: SELECT COUNT (*) FROM posts JOIN tag2post ON posts.id = tag2post.post_id JOIN tags ON tags.id = tag2post.tag_id WHERE is_active = 1 AND moderation_status = 'ACCEPTED' AND time <= current_date AND name = ?
Hibernate: SELECT COUNT (*) FROM posts WHERE is_active = 1 AND moderation_status = 'ACCEPTED' AND time <= current_date
]]></system-out>
  </testcase>
</testsuite>